<?xml version="1.0" encoding="UTF-8"?>
<testng-results ignored="0" total="2" passed="2" failed="0" skipped="0">
  <reporter-output>
  </reporter-output>
  <suite started-at="2024-04-23T09:24:22 IST" name="Default suite" finished-at="2024-04-23T09:28:45 IST" duration-ms="263583">
    <groups>
      <group name="cucumber">
        <method signature="AbstractTestNGCucumberTests.runScenario(io.cucumber.testng.PickleWrapper,io.cucumber.testng.FeatureWrapper)[pri:0, instance:testRunnerTownScript.TestRunnerTownScript@4b741d6d]" name="runScenario" class="io.cucumber.testng.AbstractTestNGCucumberTests"/>
      </group> <!-- cucumber -->
    </groups>
    <test started-at="2024-04-23T09:24:22 IST" name="Default test" finished-at="2024-04-23T09:28:45 IST" duration-ms="263583">
      <class name="testRunnerTownScript.TestRunnerTownScript">
        <test-method is-config="true" signature="setUpClass(org.testng.ITestContext)[pri:0, instance:testRunnerTownScript.TestRunnerTownScript@4b741d6d]" started-at="2024-04-23T09:24:22 IST" name="setUpClass" finished-at="2024-04-23T09:24:23 IST" duration-ms="1087" status="PASS">
          <params>
            <param index="0">
              <value>
                <![CDATA[org.testng.TestRunner@1d3e5a05]]>
              </value>
            </param>
          </params>
          <reporter-output>
          </reporter-output>
        </test-method> <!-- setUpClass -->
        <test-method signature="runScenario(io.cucumber.testng.PickleWrapper,io.cucumber.testng.FeatureWrapper)[pri:0, instance:testRunnerTownScript.TestRunnerTownScript@4b741d6d]" started-at="2024-04-23T09:24:23 IST" name="runScenario" description="Runs Cucumber Scenarios" data-provider="scenarios" finished-at="2024-04-23T09:25:22 IST" duration-ms="59327" status="PASS">
          <params>
            <param index="0">
              <value>
                <![CDATA["validating signup using invalid credentials"]]>
              </value>
            </param>
            <param index="1">
              <value>
                <![CDATA["Google Invalid Login"]]>
              </value>
            </param>
          </params>
          <reporter-output>
          </reporter-output>
        </test-method> <!-- runScenario -->
        <test-method signature="runScenario(io.cucumber.testng.PickleWrapper,io.cucumber.testng.FeatureWrapper)[pri:0, instance:testRunnerTownScript.TestRunnerTownScript@4b741d6d]" started-at="2024-04-23T09:25:22 IST" name="runScenario" description="Runs Cucumber Scenarios" data-provider="scenarios" finished-at="2024-04-23T09:28:45 IST" duration-ms="202772" status="PASS">
          <params>
            <param index="0">
              <value>
                <![CDATA["Retrieving event deatils"]]>
              </value>
            </param>
            <param index="1">
              <value>
                <![CDATA["Return Event Details"]]>
              </value>
            </param>
          </params>
          <reporter-output>
          </reporter-output>
        </test-method> <!-- runScenario -->
        <test-method is-config="true" signature="tearDownClass()[pri:0, instance:testRunnerTownScript.TestRunnerTownScript@4b741d6d]" started-at="2024-04-23T09:28:45 IST" name="tearDownClass" finished-at="2024-04-23T09:28:45 IST" duration-ms="328" status="PASS">
          <reporter-output>
          </reporter-output>
        </test-method> <!-- tearDownClass -->
      </class> <!-- testRunnerTownScript.TestRunnerTownScript -->
    </test> <!-- Default test -->
  </suite> <!-- Default suite -->
</testng-results>
